<?xml version="1.0" encoding="utf-8"?><testsuites><testsuite name="pytest" errors="0" failures="0" skipped="0" tests="15" time="0.066" timestamp="2026-07-30T20:25:23.813245+00:00" hostname="3a87b690d688"><testcase classname="test_pytest" name="test_R3" time="0.003" /><testcase classname="test_pytest" name="test_R4" time="0.000" /><testcase classname="test_pytest" name="test_R5" time="0.000" /><testcase classname="test_pytest" name="test_R6" time="0.002" /><testcase classname="test_pytest" name="test_R7" time="0.002" /><testcase classname="test_pytest" name="test_R8" time="0.002" /><testcase classname="test_pytest" name="test_R9" time="0.002" /><testcase classname="test_pytest" name="test_R10" time="0.001" /><testcase classname="test_pytest" name="test_R11" time="0.000" /><testcase classname="test_pytest" name="test_R12" time="0.002" /><testcase classname="test_pytest" name="test_R13" time="0.001" /><testcase classname="test_pytest" name="test_R14" time="0.000" /><testcase classname="test_pytest" name="test_R15" time="0.000" /><testcase classname="test_pytest" name="test_R1" time="0.020" /><testcase classname="test_pytest" name="test_R2" time="0.000" /></testsuite></testsuites>